<?xml version="1.0" encoding="UTF-8"?>
<!-- Generated by org.testng.reporters.JUnitReportReporter -->
<testsuite hostname="LM-MAA-42621672" failures="0" tests="1" name="runner.CucumberRunnerTests" time="14.477" errors="0" timestamp="2022-10-28T14:13:19 IST" skipped="0">
  <testcase classname="runner.CucumberRunnerTests" name="runScenario" time="14.477"/>
  <system-out/>
</testsuite> <!-- runner.CucumberRunnerTests -->
